Extension Loaded : commands.admin_commands en 1.52 millisecondes
Extension Loaded : commands.anti_scam en 2.02 millisecondes
Extension Loaded : commands.basic_commands en 0.51 millisecondes
Extension Loaded : commands.feed_back_commands en 1.02 millisecondes
Extension Loaded : commands.game_commands en 1.62 millisecondes
Extension Loaded : commands.get_download_commands en 2.58 millisecondes
Extension Loaded : commands.help_commands en 1.05 millisecondes
Error loading commands.music_commands: ExtensionFailed - Extension 'commands.music_commands' raised an error: ModuleNotFoundError: No module named 'yt_dlp'
Extension Loaded : commands.Poll_commands en 1.44 millisecondes
Extension Loaded : commands.restart_commands en 0.00 millisecondes
Extension Loaded : commands.rolemenu_commands en 1.01 millisecondes
Extension Loaded : commands.rss_commands en 21.59 millisecondes
Extension Loaded : commands.rules _commands en 0.00 millisecondes
Extension Loaded : commands.system_leveling en 1.99 millisecondes
Extension Loaded : commands.testing en 1.45 millisecondes
Extension Loaded : commands.test_commands en 1.99 millisecondes
Extension Loaded : commands.ticket_commands en 1.02 millisecondes
Extension Loaded : commands.discord_loggers.on_admin_logs en 3.03 millisecondes
Extension Loaded : commands.discord_loggers.on_channel_logs en 0.99 millisecondes
Extension Loaded : commands.discord_loggers.on_commands_logs en 1.01 millisecondes
Extension Loaded : commands.discord_loggers.on_file_watch_logs en 0.00 millisecondes
Extension Loaded : commands.discord_loggers.on_member_logs en 0.51 millisecondes
Extension Loaded : commands.discord_loggers.on_mentione_me en 0.54 millisecondes
Extension Loaded : commands.discord_loggers.on_message_logs en 0.97 millisecondes
Extension Loaded : commands.discord_loggers.on_music_logs en 1.00 millisecondes
Extension Loaded : commands.discord_loggers.on_reaction_logs en 1.02 millisecondes
Extension Loaded : commands.discord_loggers.on_ready_logs en 0.00 millisecondes
Extension Loaded : commands.discord_loggers.on_user_logs en 1.73 millisecondes
Extension Loaded : commands.discord_loggers.on_voice_state_logs en 0.51 millisecondes
Extension Loaded : commands.discord_loggers.on_welcome_goodbye en 1.00 millisecondes
Extension Loaded : commands.game.Emoji Game en 1.02 millisecondes
Extension Loaded : commands.game.Guess the Number en 1.01 millisecondes
Extension Loaded : commands.game.Roulette en 0.00 millisecondes
Extension Loaded : commands.game.RPS en 1.06 millisecondes
Extension Loaded : commands.game.scramble en 0.54 millisecondes
Extension Loaded : commands.game.Story Game en 1.00 millisecondes
Extension Loaded : commands.game.Tic Tac Toe en 1.00 millisecondes
Extension Loaded : commands.game.Treasure Hunt en 1.36 millisecondes
Extension Loaded : commands.game.Word Guessing Game en 0.00 millisecondes
